Build started 3/17/2013 5:39:31 PM.
     1>Project "C:\Users\FLOW\Documents\Projects\rayTracer\rayTracer\rayTracer.vcxproj" on node 2 (build target(s)).
     1>InitializeBuildStatus:
         Creating "Release\rayTracer.unsuccessfulbuild" because "AlwaysCreate" was specified.
       ClCompile:
         C:\Program Files (x86)\Microsoft Visual Studio 10.0\VC\bin\CL.exe /c /I./include /I"./include/glm-0.9.2.7" /Zi /nologo /W3 /WX- /O2 /Oi /Oy- /GL /D _MBCS /Gm- /EHsc /MD /GS /Gy /fp:precise /Zc:wchar_t /Zc:forScope /openmp /Fo"Release\\" /Fd"Release\vc100.pdb" /Gd /TP /analyze- /errorReport:prompt src\Camera.cpp src\Item.cpp src\Light.cpp src\RayRecord.cpp src\RayTracer.cpp src\Sphere.cpp src\Triangle.cpp src\bvh.cpp src\main.cpp src\pointlight.cpp src\readfile.cpp src\shading.cpp
         Camera.cpp
         Item.cpp
         Light.cpp
         RayRecord.cpp
         RayTracer.cpp
     1>src\RayTracer.cpp(19): warning C4018: '<' : signed/unsigned mismatch
     1>src\RayTracer.cpp(52): warning C4018: '<' : signed/unsigned mismatch
         Sphere.cpp
     1>src\Sphere.cpp(134): warning C4018: '<' : signed/unsigned mismatch
         Triangle.cpp
     1>src\Triangle.cpp(128): warning C4018: '<' : signed/unsigned mismatch
         bvh.cpp
     1>src\bvh.cpp(39): warning C4018: '<' : signed/unsigned mismatch
     1>src\bvh.cpp(57): warning C4018: '<' : signed/unsigned mismatch
     1>src\bvh.cpp(62): warning C4018: '<' : signed/unsigned mismatch
         main.cpp
     1>src\main.cpp(48): warning C4018: '<' : signed/unsigned mismatch
     1>src\main.cpp(49): warning C4018: '<' : signed/unsigned mismatch
     1>src\main.cpp(85): warning C4018: '<' : signed/unsigned mismatch
     1>src\main.cpp(87): warning C4018: '<' : signed/unsigned mismatch
     1>src\main.cpp(98): warning C4018: '<' : signed/unsigned mismatch
     1>src\main.cpp(99): warning C4018: '<' : signed/unsigned mismatch
     1>src\main.cpp(124): warning C4018: '<' : signed/unsigned mismatch
     1>src\main.cpp(125): warning C4018: '<' : signed/unsigned mismatch
     1>src\main.cpp(146): warning C4018: '<' : signed/unsigned mismatch
         pointlight.cpp
         readfile.cpp
     1>src\readfile.cpp(90): warning C4101: 'i' : unreferenced local variable
         shading.cpp
     1>src\shading.cpp(73): warning C4018: '<' : signed/unsigned mismatch
       Link:
         C:\Program Files (x86)\Microsoft Visual Studio 10.0\VC\bin\link.exe /ERRORREPORT:PROMPT /OUT:"C:\Users\FLOW\Documents\Projects\rayTracer\Release\rayTracer.exe" /NOLOGO /LIBPATH:.\lib kernel32.lib user32.lib gdi32.lib winspool.lib comdlg32.lib advapi32.lib shell32.lib ole32.lib oleaut32.lib uuid.lib odbc32.lib odbccp32.lib kernel32.lib user32.lib gdi32.lib winspool.lib comdlg32.lib advapi32.lib shell32.lib ole32.lib oleaut32.lib uuid.lib odbc32.lib odbccp32.lib glew32.lib glut32.lib glu32.lib opengl32.lib FreeImage.lib /MANIFEST /ManifestFile:"Release\rayTracer.exe.intermediate.manifest" /MANIFESTUAC:"level='asInvoker' uiAccess='false'" /DEBUG /PDB:"C:\Users\FLOW\Documents\Projects\rayTracer\Release\rayTracer.pdb" /OPT:REF /OPT:ICF /LTCG /TLBID:1 /DYNAMICBASE /NXCOMPAT /IMPLIB:"C:\Users\FLOW\Documents\Projects\rayTracer\Release\rayTracer.lib" /MACHINE:X86 Release\BoundBox.obj
         Release\bvh.obj
         Release\Camera.obj
         Release\Item.obj
         Release\Light.obj
         Release\main.obj
         Release\Material.obj
         Release\pointlight.obj
         Release\RayRecord.obj
         Release\RayTracer.obj
         Release\readfile.obj
         Release\shaders.obj
         Release\shading.obj
         Release\Sphere.obj
         Release\Transform.obj
         Release\Triangle.obj
         Generating code
         Finished generating code
         rayTracer.vcxproj -> C:\Users\FLOW\Documents\Projects\rayTracer\Release\rayTracer.exe
       Manifest:
         c:\Program Files (x86)\Microsoft SDKs\Windows\v7.0A\bin\mt.exe /nologo /verbose /outputresource:"C:\Users\FLOW\Documents\Projects\rayTracer\Release\rayTracer.exe;#1" /manifest Release\rayTracer.exe.intermediate.manifest
       FinalizeBuildStatus:
         Deleting file "Release\rayTracer.unsuccessfulbuild".
         Touching "Release\rayTracer.lastbuildstate".
     1>Done Building Project "C:\Users\FLOW\Documents\Projects\rayTracer\rayTracer\rayTracer.vcxproj" (build target(s)).

Build succeeded.

Time Elapsed 00:00:19.27
