Build started 11/28/2012 10:26:22 PM.
     1>Project "C:\Users\lcroymustang\Dropbox\hw6\hw2-windows\hw2-windows.vcxproj" on node 2 (build target(s)).
     1>InitializeBuildStatus:
         Creating "Debug\hw2-windows.unsuccessfulbuild" because "AlwaysCreate" was specified.
       ClCompile:
         d:\Microsoft Visual Studio 10.0\VC\bin\CL.exe /c /ZI /nologo /W3 /WX- /Od /Oy- /D _MBCS /Gm /EHsc /RTC1 /MDd /GS /fp:precise /Zc:wchar_t /Zc:forScope /Fo"Debug\\" /Fd"Debug\vc100.pdb" /Gd /TP /analyze- /errorReport:prompt BoundBox.cpp BVH.cpp Camera.cpp Item.cpp main.cpp Material.cpp RayTracer.cpp shading.cpp Sphere.cpp Triangle.cpp RayRecord.cpp readfile.cpp Transform.cpp UCB\grader.cpp
         grader.cpp
     1>c:\users\lcroymustang\dropbox\hw6\hw2-windows\ucb\grader.h(58): warning C4099: 'Command' : type name first seen using 'class' now seen using 'struct'
                 c:\users\lcroymustang\dropbox\hw6\hw2-windows\ucb\grader.h(26) : see declaration of 'Command'
     1>c:\users\lcroymustang\dropbox\hw6\hw2-windows\ucb\grader.cpp(59): warning C4018: '<' : signed/unsigned mismatch
     1>c:\users\lcroymustang\dropbox\hw6\hw2-windows\ucb\grader.cpp(69): warning C4018: '<' : signed/unsigned mismatch
     1>c:\users\lcroymustang\dropbox\hw6\hw2-windows\ucb\grader.cpp(73): warning C4018: '<' : signed/unsigned mismatch
         Transform.cpp
     1>c:\users\lcroymustang\dropbox\hw6\hw2-windows\transform.h(18): warning C4305: 'initializing' : truncation from 'double' to 'const float'
         readfile.cpp
     1>c:\users\lcroymustang\dropbox\hw6\hw2-windows\readfile.cpp(84): warning C4101: 'i' : unreferenced local variable
         RayRecord.cpp
         Triangle.cpp
         Sphere.cpp
         shading.cpp
     1>c:\users\lcroymustang\dropbox\hw6\hw2-windows\shading.cpp(70): warning C4018: '<' : signed/unsigned mismatch
         RayTracer.cpp
     1>c:\users\lcroymustang\dropbox\hw6\hw2-windows\raytracer.cpp(17): warning C4018: '<' : signed/unsigned mismatch
     1>c:\users\lcroymustang\dropbox\hw6\hw2-windows\raytracer.cpp(47): warning C4018: '<' : signed/unsigned mismatch
         Material.cpp
         main.cpp
     1>c:\users\lcroymustang\dropbox\hw6\hw2-windows\main.cpp(42): warning C4018: '<' : signed/unsigned mismatch
     1>c:\users\lcroymustang\dropbox\hw6\hw2-windows\main.cpp(43): warning C4018: '<' : signed/unsigned mismatch
     1>c:\users\lcroymustang\dropbox\hw6\hw2-windows\main.cpp(74): warning C4018: '<' : signed/unsigned mismatch
     1>c:\users\lcroymustang\dropbox\hw6\hw2-windows\main.cpp(76): warning C4018: '<' : signed/unsigned mismatch
     1>c:\users\lcroymustang\dropbox\hw6\hw2-windows\main.cpp(91): warning C4018: '<' : signed/unsigned mismatch
         Item.cpp
         Camera.cpp
         BVH.cpp
     1>c:\users\lcroymustang\dropbox\hw6\hw2-windows\bvh.cpp(42): warning C4018: '<' : signed/unsigned mismatch
     1>c:\users\lcroymustang\dropbox\hw6\hw2-windows\bvh.cpp(52): warning C4018: '<' : signed/unsigned mismatch
         BoundBox.cpp
         Generating Code...
       Link:
         d:\Microsoft Visual Studio 10.0\VC\bin\link.exe /ERRORREPORT:PROMPT /OUT:"C:\Users\lcroymustang\Dropbox\hw6\Debug\hw2-windows.exe" /NOLOGO /LIBPATH:.\lib kernel32.lib user32.lib gdi32.lib winspool.lib comdlg32.lib advapi32.lib shell32.lib ole32.lib oleaut32.lib uuid.lib odbc32.lib odbccp32.lib kernel32.lib user32.lib gdi32.lib winspool.lib comdlg32.lib advapi32.lib shell32.lib ole32.lib oleaut32.lib uuid.lib odbc32.lib odbccp32.lib glew32.lib glut32.lib glu32.lib opengl32.lib FreeImage.lib /MANIFEST /ManifestFile:"Debug\hw2-windows.exe.intermediate.manifest" /MANIFESTUAC:"level='asInvoker' uiAccess='false'" /DEBUG /PDB:"C:\Users\lcroymustang\Dropbox\hw6\Debug\hw2-windows.pdb" /TLBID:1 /DYNAMICBASE /NXCOMPAT /IMPLIB:"C:\Users\lcroymustang\Dropbox\hw6\Debug\hw2-windows.lib" /MACHINE:X86 Debug\BoundBox.obj
         Debug\BVH.obj
         Debug\Camera.obj
         Debug\Item.obj
         Debug\main.obj
         Debug\Material.obj
         Debug\RayTracer.obj
         Debug\shading.obj
         Debug\Sphere.obj
         Debug\Triangle.obj
         Debug\RayRecord.obj
         Debug\readfile.obj
         Debug\Transform.obj
         Debug\grader.obj
         hw2-windows.vcxproj -> C:\Users\lcroymustang\Dropbox\hw6\Debug\hw2-windows.exe
       Manifest:
         c:\Program Files (x86)\Microsoft SDKs\Windows\v7.0A\bin\mt.exe /nologo /verbose /outputresource:"C:\Users\lcroymustang\Dropbox\hw6\Debug\hw2-windows.exe;#1" /manifest "Debug\hw2-windows.exe.intermediate.manifest"
       FinalizeBuildStatus:
         Deleting file "Debug\hw2-windows.unsuccessfulbuild".
         Touching "Debug\hw2-windows.lastbuildstate".
     1>Done Building Project "C:\Users\lcroymustang\Dropbox\hw6\hw2-windows\hw2-windows.vcxproj" (build target(s)).

Build succeeded.

Time Elapsed 00:00:25.73
