Build started 11/30/2012 1:40:55 AM.
     1>Project "C:\Users\Echidna\Dropbox\hw6\hw2-windows\hw2-windows.vcxproj" on node 2 (build target(s)).
     1>InitializeBuildStatus:
         Creating "Debug\hw2-windows.unsuccessfulbuild" because "AlwaysCreate" was specified.
       ClCompile:
         All outputs are up-to-date.
       Link:
         C:\Program Files (x86)\Microsoft Visual Studio 10.0\VC\bin\link.exe /ERRORREPORT:PROMPT /OUT:"C:\Users\Echidna\Dropbox\hw6\Debug\hw2-windows.exe" /NOLOGO /LIBPATH:.\lib kernel32.lib user32.lib gdi32.lib winspool.lib comdlg32.lib advapi32.lib shell32.lib ole32.lib oleaut32.lib uuid.lib odbc32.lib odbccp32.lib kernel32.lib user32.lib gdi32.lib winspool.lib comdlg32.lib advapi32.lib shell32.lib ole32.lib oleaut32.lib uuid.lib odbc32.lib odbccp32.lib glew32.lib glut32.lib glu32.lib opengl32.lib FreeImage.lib /MANIFEST /ManifestFile:"Debug\hw2-windows.exe.intermediate.manifest" /MANIFESTUAC:"level='asInvoker' uiAccess='false'" /DEBUG /PDB:"C:\Users\Echidna\Dropbox\hw6\Debug\hw2-windows.pdb" /TLBID:1 /DYNAMICBASE /NXCOMPAT /IMPLIB:"C:\Users\Echidna\Dropbox\hw6\Debug\hw2-windows.lib" /MACHINE:X86 Debug\BoundBox.obj
         Debug\BVH.obj
         Debug\Camera.obj
         Debug\Item.obj
         Debug\main.obj
         Debug\Material.obj
         Debug\RayTracer.obj
         Debug\shading.obj
         Debug\Sphere.obj
         Debug\Triangle.obj
         Debug\RayRecord.obj
         Debug\readfile.obj
         Debug\Transform.obj
         Debug\grader.obj
         LINK : C:\Users\Echidna\Dropbox\hw6\Debug\hw2-windows.exe not found or not built by the last incremental link; performing full link
         hw2-windows.vcxproj -> C:\Users\Echidna\Dropbox\hw6\Debug\hw2-windows.exe
       Manifest:
         C:\Program Files (x86)\Microsoft SDKs\Windows\v7.0A\bin\mt.exe /nologo /verbose /outputresource:"C:\Users\Echidna\Dropbox\hw6\Debug\hw2-windows.exe;#1" /manifest "Debug\hw2-windows.exe.intermediate.manifest"
       FinalizeBuildStatus:
         Deleting file "Debug\hw2-windows.unsuccessfulbuild".
         Touching "Debug\hw2-windows.lastbuildstate".
     1>Done Building Project "C:\Users\Echidna\Dropbox\hw6\hw2-windows\hw2-windows.vcxproj" (build target(s)).

Build succeeded.

Time Elapsed 00:00:00.94
